[2026-03-14 06:17:42] ============================================================
[2026-03-14 06:17:42] reload_missing.py starting
[2026-03-14 06:17:42] DRY-RUN mode — no changes will be made
[2026-03-14 06:17:42] Excluded tables: 80
[2026-03-14 06:17:42] Querying MySQL for existing tables and zero-row estimates...
[2026-03-14 06:17:42]   MySQL tables: 510, estimated zero-row: 358
[2026-03-14 06:17:42] Getting table list from SQL file...
[2026-03-14 06:19:25]   SQL tables: 613
[2026-03-14 06:19:25]   Missing from MySQL (not excluded): 98
[2026-03-14 06:19:25]   Zero-row in MySQL (not excluded): 295
[2026-03-14 06:19:25] Verifying zero-row tables with exact COUNT(*)...
[2026-03-14 06:19:29]   Confirmed zero-row (exact count): 295
[2026-03-14 06:19:29] Total target tables: 393 (98 new + 295 reload)
[2026-03-14 06:19:29] 
Starting single-pass extraction from /home/eleihu6/rois_tg_live_load/rois_tg_live_prod.sql...
[2026-03-14 06:19:29] Tables to process: ['acknowledge_notification_config', 'adhoc_crew_statistics', 'aircraft', 'airline_setting', 'airport', 'airport_contact_for_hotel', 'airport_database', 'airport_default', 'airport_imp', 'airport_temp']...
[2026-03-14 06:19:29]   Loading: acknowledge_notification_config (new)...
[2026-03-14 06:19:29]   [DRY-RUN] acknowledge_notification_config: 0 rows would be loaded
[2026-03-14 06:19:29]   OK acknowledge_notification_config: sql=0 db=0
[2026-03-14 06:19:29]   Loading: adhoc_crew_statistics (reload)...
[2026-03-14 06:19:29]   [DRY-RUN] adhoc_crew_statistics: 0 rows would be loaded
[2026-03-14 06:19:29]   OK adhoc_crew_statistics: sql=0 db=0
[2026-03-14 06:19:29]   Loading: aircraft (reload)...
[2026-03-14 06:19:29]   [DRY-RUN] aircraft: 0 rows would be loaded
[2026-03-14 06:19:29]   OK aircraft: sql=0 db=0
[2026-03-14 06:19:29]   Loading: airline_setting (new)...
[2026-03-14 06:19:29]   [DRY-RUN] airline_setting: 0 rows would be loaded
[2026-03-14 06:19:29]   OK airline_setting: sql=0 db=0
[2026-03-14 06:19:29]   Loading: airport (reload)...
[2026-03-14 06:19:29]   [DRY-RUN] airport: 0 rows would be loaded
[2026-03-14 06:21:15] ============================================================
[2026-03-14 06:21:15] reload_missing.py starting
[2026-03-14 06:21:15] Excluded tables: 80
[2026-03-14 06:21:15] Querying MySQL for existing tables and zero-row estimates...
[2026-03-14 06:21:15]   MySQL tables: 510, estimated zero-row: 358
[2026-03-14 06:21:15] Getting table list from SQL file...
[2026-03-14 06:22:55]   SQL tables: 613
[2026-03-14 06:22:55]   Missing from MySQL (not excluded): 98
[2026-03-14 06:22:55]   Zero-row in MySQL (not excluded): 295
[2026-03-14 06:22:55] Verifying zero-row tables with exact COUNT(*)...
[2026-03-14 06:22:59]   Confirmed zero-row (exact count): 295
[2026-03-14 06:22:59] Total target tables: 393 (98 new + 295 reload)
[2026-03-14 06:22:59] 
Starting single-pass extraction from /home/eleihu6/rois_tg_live_load/rois_tg_live_prod.sql...
[2026-03-14 06:22:59] Tables to process: ['acknowledge_notification_config', 'adhoc_crew_statistics', 'aircraft', 'airline_setting', 'airport', 'airport_contact_for_hotel', 'airport_database', 'airport_default', 'airport_imp', 'airport_temp']...
[2026-03-14 06:22:59]   Loading: acknowledge_notification_config (new)...
[2026-03-14 06:22:59]   OK acknowledge_notification_config: sql=2 db=2
[2026-03-14 06:22:59]   Loading: adhoc_crew_statistics (reload)...
[2026-03-14 06:22:59]   OK adhoc_crew_statistics: sql=23 db=23
[2026-03-14 06:22:59]   Loading: aircraft (reload)...
[2026-03-14 06:23:00]   ERROR aircraft: mysql: [Warning] Using a password on the command line interface can be insecure. ERROR 1136 (21S01) at line 5: Column count doesn't match value count at row 1
[2026-03-14 06:23:00]   Loading: airline_setting (new)...
[2026-03-14 06:23:00]   OK airline_setting: sql=1 db=1
[2026-03-14 06:23:00]   Loading: airport (reload)...
[2026-03-14 06:23:00]   ERROR airport: mysql: [Warning] Using a password on the command line interface can be insecure. ERROR 1366 (HY000) at line 5: Incorrect integer value: 'bkkop1.doc@thaiairways.com' for column 'state' at row 1
[2026-03-14 06:23:00]   Loading: airport_contact_for_hotel (new)...
[2026-03-14 06:23:00]   OK airport_contact_for_hotel: sql=0 db=0
[2026-03-14 06:23:00]   Loading: airport_database (new)...
[2026-03-14 06:23:00]   OK airport_database: sql=1 db=1
[2026-03-14 06:23:00]   Loading: airport_default (reload)...
[2026-03-14 06:23:00]   OK airport_default: sql=0 db=0
[2026-03-14 06:23:00]   Loading: airport_imp (reload)...
[2026-03-14 06:23:00]   OK airport_imp: sql=0 db=0
[2026-03-14 06:23:00]   Loading: airport_temp (reload)...
[2026-03-14 06:23:00]   OK airport_temp: sql=0 db=0
[2026-03-14 06:23:00]   Loading: airport_zero (reload)...
[2026-03-14 06:23:00]   OK airport_zero: sql=0 db=0
[2026-03-14 06:23:00]   Loading: alert_center_mark_config (reload)...
[2026-03-14 06:23:00]   OK alert_center_mark_config: sql=50 db=50
[2026-03-14 06:23:01]   Loading: alert_handling_log (new)...
[2026-03-14 06:23:12]   OK alert_handling_log: sql=530739 db=530739
[2026-03-14 06:23:14]   Loading: alert_message (new)...
[2026-03-14 06:23:48]   OK alert_message: sql=530739 db=530739
[2026-03-14 06:23:54]   Loading: alert_setting (new)...
[2026-03-14 06:23:54]   OK alert_setting: sql=3 db=3
[2026-03-14 06:23:54]   Loading: allowance_exchange_rate (reload)...
[2026-03-14 06:23:54]   OK allowance_exchange_rate: sql=10 db=10
[2026-03-14 06:23:54]   Loading: allowance_rate (reload)...
[2026-03-14 06:23:54]   OK allowance_rate: sql=0 db=0
[2026-03-14 06:23:54]   Loading: allowance_scenario (new)...
[2026-03-14 06:23:54]   OK allowance_scenario: sql=1 db=1
[2026-03-14 06:23:54]   Loading: allowance_scenario_calculate (reload)...
[2026-03-14 06:23:54]   OK allowance_scenario_calculate: sql=0 db=0
[2026-03-14 06:23:54]   Loading: allowance_scenario_calculate_detail (reload)...
[2026-03-14 06:23:54]   OK allowance_scenario_calculate_detail: sql=0 db=0
[2026-03-14 06:23:54]   Loading: allowance_scenario_calculate_detail_tg (new)...
[2026-03-14 06:23:54]   OK allowance_scenario_calculate_detail_tg: sql=0 db=0
[2026-03-14 06:23:54]   Loading: allowance_scenario_calculate_pairing (new)...
[2026-03-14 06:23:54]   OK allowance_scenario_calculate_pairing: sql=0 db=0
[2026-03-14 06:23:54]   Loading: allowance_scenario_calculate_pairing_detail (reload)...
[2026-03-14 06:23:54]   OK allowance_scenario_calculate_pairing_detail: sql=0 db=0
[2026-03-14 06:23:54]   Loading: allowance_scenario_calculate_tg (new)...
[2026-03-14 06:23:54]   OK allowance_scenario_calculate_tg: sql=0 db=0
[2026-03-14 06:23:54]   Loading: allowance_scenario_publish (new)...
[2026-03-14 06:23:54]   OK allowance_scenario_publish: sql=0 db=0
[2026-03-14 06:23:54]   Loading: allowance_scenario_publish_detail (new)...
[2026-03-14 06:23:54]   OK allowance_scenario_publish_detail: sql=0 db=0
[2026-03-14 06:23:54]   Loading: allowance_scenario_publish_operation_record (new)...
[2026-03-14 06:23:55]   OK allowance_scenario_publish_operation_record: sql=0 db=0
[2026-03-14 06:23:55]   Loading: allowance_ticket_cost (reload)...
[2026-03-14 06:23:55]   OK allowance_ticket_cost: sql=12 db=12
[2026-03-14 06:23:55]   Loading: allowance_type (reload)...
[2026-03-14 06:23:55]   OK allowance_type: sql=10 db=10
[2026-03-14 06:23:55]   Loading: apis_basic_info (reload)...
[2026-03-14 06:23:55]   OK apis_basic_info: sql=1 db=1
[2026-03-14 06:23:55]   Loading: apis_common_config (new)...
[2026-03-14 06:23:55]   OK apis_common_config: sql=0 db=0
[2026-03-14 06:23:55]   Loading: apis_config_item (new)...
[2026-03-14 06:23:55]   OK apis_config_item: sql=464 db=464
[2026-03-14 06:23:55]   Loading: apis_crew (reload)...
[2026-03-14 06:23:55]   OK apis_crew: sql=0 db=0
[2026-03-14 06:23:55]   Loading: apis_flight (reload)...
[2026-03-14 06:23:55]   OK apis_flight: sql=0 db=0
[2026-03-14 06:23:55]   Loading: apis_generate (reload)...
[2026-03-14 06:23:56]   ERROR apis_generate: mysql: [Warning] Using a password on the command line interface can be insecure. ERROR 1136 (21S01) at line 5: Column count doesn't match value count at row 1
[2026-03-14 06:23:56]   Loading: apis_generate_crew (reload)...
[2026-03-14 06:23:57]   ERROR apis_generate_crew: mysql: [Warning] Using a password on the command line interface can be insecure. ERROR 1136 (21S01) at line 5: Column count doesn't match value count at row 1
[2026-03-14 06:23:57]   Loading: apis_method (reload)...
[2026-03-14 06:23:57]   ERROR apis_method: mysql: [Warning] Using a password on the command line interface can be insecure. ERROR 1136 (21S01) at line 5: Column count doesn't match value count at row 1
[2026-03-14 06:23:58]   Loading: apis_operation_log (new)...
[2026-03-14 06:24:18]   OK apis_operation_log: sql=1090177 db=1090177
[2026-03-14 06:24:18]   Loading: apis_record (reload)...
[2026-03-14 06:24:18]   OK apis_record: sql=0 db=0
[2026-03-14 06:24:18]   Loading: apis_resend_record (reload)...
[2026-03-14 06:24:18]   OK apis_resend_record: sql=1059 db=1059
[2026-03-14 06:24:18]   Loading: apis_rule (reload)...
[2026-03-14 06:24:18]   ERROR apis_rule: mysql: [Warning] Using a password on the command line interface can be insecure. ERROR 1406 (22001) at line 5: Data too long for column 'document_template' at row 1
[2026-03-14 06:24:18]   Loading: apis_rule_detail (reload)...
[2026-03-14 06:24:18]   ERROR apis_rule_detail: mysql: [Warning] Using a password on the command line interface can be insecure. ERROR 1292 (22007) at line 5: Incorrect datetime value: '1440' for column 'last_modified' at row 1
[2026-03-14 06:24:18]   Loading: apis_send_record (reload)...
[2026-03-14 06:24:23]   OK apis_send_record: sql=138436 db=138436
[2026-03-14 06:24:23]   Loading: apis_setting (reload)...
[2026-03-14 06:24:23]   ERROR apis_setting: mysql: [Warning] Using a password on the command line interface can be insecure. ERROR 1136 (21S01) at line 5: Column count doesn't match value count at row 1
[2026-03-14 06:24:23]   Loading: apis_template_collection (reload)...
[2026-03-14 06:24:25]   ERROR apis_template_collection: mysql: [Warning] Using a password on the command line interface can be insecure. ERROR 1136 (21S01) at line 5: Column count doesn't match value count at row 1
[2026-03-14 06:24:25]   Loading: app_used_record (new)...
[2026-03-14 06:24:25]   OK app_used_record: sql=0 db=0
[2026-03-14 06:24:25]   Loading: assignment (reload)...
[2026-03-14 06:24:25]   ERROR assignment: mysql: [Warning] Using a password on the command line interface can be insecure. ERROR 1136 (21S01) at line 5: Column count doesn't match value count at row 1
[2026-03-14 06:24:25]   Loading: assignment_group (reload)...
[2026-03-14 06:24:25]   OK assignment_group: sql=123 db=123
[2026-03-14 06:24:25]   Loading: assignment_group_map (reload)...
[2026-03-14 06:24:25]   OK assignment_group_map: sql=663 db=663
[2026-03-14 06:24:25]   Loading: assignment_header (reload)...
[2026-03-14 06:24:25]   OK assignment_header: sql=17 db=17
[2026-03-14 06:24:25]   Loading: assignment_overlappable (reload)...
[2026-03-14 06:24:25]   OK assignment_overlappable: sql=27 db=27
[2026-03-14 06:24:25]   Loading: assignment_rpt_group (reload)...
[2026-03-14 06:24:25]   OK assignment_rpt_group: sql=2 db=2
[2026-03-14 06:24:25]   Loading: assignment_rpt_group_map (reload)...
[2026-03-14 06:24:25]   OK assignment_rpt_group_map: sql=4 db=4
[2026-03-14 06:24:25]   Loading: assignment_rule (new)...
[2026-03-14 06:24:25]   OK assignment_rule: sql=14 db=14
[2026-03-14 06:24:25]   Loading: assignment_search (reload)...
[2026-03-14 06:24:26]   OK assignment_search: sql=6 db=6
[2026-03-14 06:24:26]   Loading: attribute (reload)...
[2026-03-14 06:24:26]   OK attribute: sql=3 db=3
[2026-03-14 06:24:28]   Loading: auditing_log (reload)...
[2026-03-14 06:24:33]   ERROR auditing_log: mysql: [Warning] Using a password on the command line interface can be insecure. ERROR 1136 (21S01) at line 5: Column count doesn't match value count at row 1
[2026-03-14 06:24:33]   Loading: auto_scheduling (new)...
[2026-03-14 06:24:33]   OK auto_scheduling: sql=0 db=0
[2026-03-14 06:24:33]   Loading: ballot_leave_entitlement (new)...
[2026-03-14 06:24:33]   OK ballot_leave_entitlement: sql=0 db=0
[2026-03-14 06:24:33]   Loading: ballot_leave_record (new)...
[2026-03-14 06:24:33]   OK ballot_leave_record: sql=0 db=0
[2026-03-14 06:24:33]   Loading: ballot_leave_record_detail (new)...
[2026-03-14 06:24:34]   OK ballot_leave_record_detail: sql=0 db=0
[2026-03-14 06:24:34]   Loading: base (reload)...
[2026-03-14 06:24:34]   OK base: sql=1 db=1
[2026-03-14 06:24:34]   Loading: best_fit_config (reload)...
[2026-03-14 06:24:34]   OK best_fit_config: sql=5 db=5
[2026-03-14 06:24:34]   Loading: bidding_apply_record (new)...
[2026-03-14 06:24:34]   OK bidding_apply_record: sql=0 db=0
[2026-03-14 06:24:34]   Loading: bidding_approval_result (new)...
[2026-03-14 06:24:34]   OK bidding_approval_result: sql=0 db=0
[2026-03-14 06:24:34]   Loading: bidding_approval_setting (new)...
[2026-03-14 06:24:34]   OK bidding_approval_setting: sql=0 db=0
[2026-03-14 06:24:34]   Loading: bidding_approval_setting_phase (new)...
[2026-03-14 06:24:34]   OK bidding_approval_setting_phase: sql=0 db=0
[2026-03-14 06:24:34]   Loading: bidding_point_assign_plan (new)...
[2026-03-14 06:24:34]   OK bidding_point_assign_plan: sql=0 db=0
[2026-03-14 06:24:34]   Loading: bidding_point_grant_record (new)...
[2026-03-14 06:24:34]   OK bidding_point_grant_record: sql=0 db=0
[2026-03-14 06:24:34]   Loading: bidding_price_setting (new)...
[2026-03-14 06:24:34]   OK bidding_price_setting: sql=0 db=0
[2026-03-14 06:24:34]   Loading: bidding_price_setting_daily_config (new)...
[2026-03-14 06:24:34]   OK bidding_price_setting_daily_config: sql=0 db=0
[2026-03-14 06:24:34]   Loading: bidding_quota (new)...
[2026-03-14 06:24:34]   OK bidding_quota: sql=0 db=0
[2026-03-14 06:24:34]   Loading: bidding_quota_del_detail (new)...
[2026-03-14 06:24:34]   OK bidding_quota_del_detail: sql=0 db=0
[2026-03-14 06:24:34]   Loading: bidding_quota_detail (new)...
[2026-03-14 06:24:34]   OK bidding_quota_detail: sql=0 db=0
[2026-03-14 06:24:34]   Loading: bidding_setting (new)...
[2026-03-14 06:24:34]   OK bidding_setting: sql=0 db=0
[2026-03-14 06:24:34]   Loading: bidding_setting_phase (new)...
[2026-03-14 06:24:34]   OK bidding_setting_phase: sql=0 db=0
[2026-03-14 06:24:34]   Loading: book_order (reload)...
[2026-03-14 06:24:35]   OK book_order: sql=0 db=0
[2026-03-14 06:24:35]   Loading: book_order_operation_log (reload)...
[2026-03-14 06:24:35]   OK book_order_operation_log: sql=0 db=0
[2026-03-14 06:24:35]   Loading: calculation_manday (reload)...
[2026-03-14 06:24:35]   OK calculation_manday: sql=9 db=9
[2026-03-14 06:24:35]   Loading: certificate (reload)...
[2026-03-14 06:24:35]   OK certificate: sql=14 db=14
[2026-03-14 06:24:35]   Loading: check_point_config (new)...
[2026-03-14 06:24:35]   OK check_point_config: sql=1 db=1
[2026-03-14 06:24:35]   Loading: check_rule_config (reload)...
[2026-03-14 06:24:35]   ERROR check_rule_config: mysql: [Warning] Using a password on the command line interface can be insecure. ERROR 1136 (21S01) at line 5: Column count doesn't match value count at row 1
[2026-03-14 06:24:35]   Loading: checkin_staff (new)...
[2026-03-14 06:24:35]   OK checkin_staff: sql=0 db=0
[2026-03-14 06:24:35]   Loading: checking_define (reload)...
[2026-03-14 06:24:35]   ERROR checking_define: mysql: [Warning] Using a password on the command line interface can be insecure. ERROR 1136 (21S01) at line 5: Column count doesn't match value count at row 1
[2026-03-14 06:24:35]   Loading: checking_generic_disclaimer (new)...
[2026-03-14 06:24:35]   OK checking_generic_disclaimer: sql=0 db=0
[2026-03-14 06:24:35]   Loading: checking_location (reload)...
[2026-03-14 06:24:35]   ERROR checking_location: mysql: [Warning] Using a password on the command line interface can be insecure. ERROR 1406 (22001) at line 5: Data too long for column 'division' at row 1
[2026-03-14 06:24:35]   Loading: chk_in_tm (new)...
[2026-03-14 06:24:35]   OK chk_in_tm: sql=0 db=0
[2026-03-14 06:24:35]   Loading: city (reload)...
[2026-03-14 06:24:36]   OK city: sql=10714 db=10714
[2026-03-14 06:24:36]   Loading: commute_builder (reload)...
[2026-03-14 06:24:36]   OK commute_builder: sql=0 db=0
[2026-03-14 06:24:36]   Loading: commute_schedule (reload)...
[2026-03-14 06:24:36]   ERROR commute_schedule: mysql: [Warning] Using a password on the command line interface can be insecure. ERROR 1406 (22001) at line 5: Data too long for column 'flight_flag' at row 1
[2026-03-14 06:24:36]   Loading: company_rank (reload)...
[2026-03-14 06:24:36]   OK company_rank: sql=0 db=0
[2026-03-14 06:24:36]   Loading: company_rank_position (reload)...
[2026-03-14 06:24:36]   OK company_rank_position: sql=0 db=0
[2026-03-14 06:24:36]   Loading: composition (reload)...
[2026-03-14 06:24:36]   OK composition: sql=28 db=28
[2026-03-14 06:24:36]   Loading: composition_load (reload)...
[2026-03-14 06:24:36]   ERROR composition_load: mysql: [Warning] Using a password on the command line interface can be insecure. ERROR 1136 (21S01) at line 5: Column count doesn't match value count at row 1
[2026-03-14 06:24:36]   Loading: composition_rank (reload)...
[2026-03-14 06:24:36]   OK composition_rank: sql=210 db=210
[2026-03-14 06:24:36]   Loading: composition_refresh_log (new)...
[2026-03-14 06:24:36]   OK composition_refresh_log: sql=84 db=84
[2026-03-14 06:24:36]   Loading: condition_library (new)...
[2026-03-14 06:24:36]   OK condition_library: sql=0 db=0
[2026-03-14 06:24:36]   Loading: conversion_table (reload)...
[2026-03-14 06:24:36]   OK conversion_table: sql=0 db=0
[2026-03-14 06:24:36]   Loading: country (reload)...
[2026-03-14 06:24:36]   OK country: sql=255 db=255
[2026-03-14 06:24:36]   Loading: country_apis_parameter (reload)...
[2026-03-14 06:24:36]   OK country_apis_parameter: sql=0 db=0
[2026-03-14 06:24:36]   Loading: cqf (reload)...
[2026-03-14 06:24:36]   OK cqf: sql=63 db=63
[2026-03-14 06:24:36]   Loading: cqf_param_validation (reload)...
[2026-03-14 06:24:37]   OK cqf_param_validation: sql=120 db=120
[2026-03-14 06:24:37]   Loading: cqf_parameter (reload)...
[2026-03-14 06:24:37]   OK cqf_parameter: sql=211 db=211
[2026-03-14 06:24:37]   Loading: cqf_set (reload)...
[2026-03-14 06:24:37]   OK cqf_set: sql=49 db=49
[2026-03-14 06:24:37]   Loading: crew (reload)...
[2026-03-14 06:24:37]   ERROR crew: mysql: [Warning] Using a password on the command line interface can be insecure. ERROR 1136 (21S01) at line 5: Column count doesn't match value count at row 1
[2026-03-14 06:24:37]   Loading: crew_announcement_record (new)...
[2026-03-14 06:24:37]   OK crew_announcement_record: sql=0 db=0
[2026-03-14 06:24:37]   Loading: crew_attendant (reload)...
[2026-03-14 06:24:37]   OK crew_attendant: sql=0 db=0
[2026-03-14 06:24:37]   Loading: crew_base (reload)...
[2026-03-14 06:24:37]   ERROR crew_base: mysql: [Warning] Using a password on the command line interface can be insecure. ERROR 1136 (21S01) at line 5: Column count doesn't match value count at row 1
[2026-03-14 06:24:37]   Loading: crew_base_imp (reload)...
[2026-03-14 06:24:37]   OK crew_base_imp: sql=0 db=0
[2026-03-14 06:24:37]   Loading: crew_bidding_allocation (new)...
[2026-03-14 06:24:37]   OK crew_bidding_allocation: sql=0 db=0
[2026-03-14 06:24:37]   Loading: crew_bidding_approval_result (new)...
[2026-03-14 06:24:38]   OK crew_bidding_approval_result: sql=0 db=0
[2026-03-14 06:24:38]   Loading: crew_bidding_code_points_log (new)...
[2026-03-14 06:24:38]   OK crew_bidding_code_points_log: sql=0 db=0
[2026-03-14 06:24:38]   Loading: crew_bidding_entitlements (new)...
[2026-03-14 06:24:38]   OK crew_bidding_entitlements: sql=0 db=0
[2026-03-14 06:24:38]   Loading: crew_bidding_points (new)...
[2026-03-14 06:24:38]   OK crew_bidding_points: sql=0 db=0
[2026-03-14 06:24:38]   Loading: crew_bidding_points_log (new)...
[2026-03-14 06:24:38]   OK crew_bidding_points_log: sql=0 db=0
[2026-03-14 06:24:38]   Loading: crew_certificate (reload)...
[2026-03-14 06:24:38]   ERROR crew_certificate: mysql: [Warning] Using a password on the command line interface can be insecure. ERROR 1136 (21S01) at line 5: Column count doesn't match value count at row 1
[2026-03-14 06:24:38]   Loading: crew_company_rank (reload)...
[2026-03-14 06:24:38]   OK crew_company_rank: sql=0 db=0
[2026-03-14 06:24:38]   Loading: crew_days_off_detail (reload)...
[2026-03-14 06:24:38]   OK crew_days_off_detail: sql=0 db=0
[2026-03-14 06:24:38]   Loading: crew_days_off_entitlements (reload)...
[2026-03-14 06:24:38]   OK crew_days_off_entitlements: sql=0 db=0
[2026-03-14 06:24:38]   Loading: crew_days_off_request (reload)...
[2026-03-14 06:24:38]   OK crew_days_off_request: sql=0 db=0
[2026-03-14 06:24:38]   Loading: crew_duty_manday_cc_am (reload)...
[2026-03-14 06:24:38]   OK crew_duty_manday_cc_am: sql=0 db=0
[2026-03-14 06:24:38]   Loading: crew_duty_manday_fd (reload)...
[2026-03-14 06:24:38]   OK crew_duty_manday_fd: sql=0 db=0
[2026-03-14 06:24:38]   Loading: crew_dynamic_seniority (new)...
[2026-03-14 06:24:38]   OK crew_dynamic_seniority: sql=0 db=0
[2026-03-14 06:24:39]   Loading: crew_emquiz (new)...
[2026-03-14 06:24:46]   OK crew_emquiz: sql=70176 db=70176
[2026-03-14 06:24:46]   Loading: crew_entitlement (reload)...
[2026-03-14 06:24:46]   OK crew_entitlement: sql=0 db=0
[2026-03-14 06:24:46]   Loading: crew_fleet (reload)...
[2026-03-14 06:24:47]   OK crew_fleet: sql=23906 db=23906
[2026-03-14 06:24:47]   Loading: crew_fleet_exp (reload)...
[2026-03-14 06:24:47]   OK crew_fleet_exp: sql=0 db=0
[2026-03-14 06:24:47]   Loading: crew_fleet_imp (new)...
[2026-03-14 06:24:47]   OK crew_fleet_imp: sql=0 db=0
[2026-03-14 06:24:47]   Loading: crew_flight_config_date (reload)...
[2026-03-14 06:24:47]   OK crew_flight_config_date: sql=0 db=0
[2026-03-14 06:24:47]   Loading: crew_flight_config_kpi (reload)...
[2026-03-14 06:24:47]   OK crew_flight_config_kpi: sql=0 db=0
[2026-03-14 06:24:47]   Loading: crew_fly_preference (reload)...
[2026-03-14 06:24:47]   OK crew_fly_preference: sql=1 db=1
[2026-03-14 06:24:47]   Loading: crew_fly_together (reload)...
[2026-03-14 06:24:47]   OK crew_fly_together: sql=0 db=0
[2026-03-14 06:24:47]   Loading: crew_friend (new)...
[2026-03-14 06:24:47]   OK crew_friend: sql=0 db=0
[2026-03-14 06:24:47]   Loading: crew_guarantee_hour (reload)...
[2026-03-14 06:24:47]   OK crew_guarantee_hour: sql=0 db=0
[2026-03-14 06:24:47]   Loading: crew_imp (reload)...
[2026-03-14 06:24:47]   OK crew_imp: sql=0 db=0
[2026-03-14 06:24:47]   Loading: crew_kpi_adjust (reload)...
[2026-03-14 06:24:47]   OK crew_kpi_adjust: sql=0 db=0
[2026-03-14 06:24:47]   Loading: crew_language (reload)...
[2026-03-14 06:24:47]   OK crew_language: sql=0 db=0
[2026-03-14 06:24:47]   Loading: crew_leave_temp (new)...
[2026-03-14 06:24:47]   OK crew_leave_temp: sql=1476 db=1476
[2026-03-14 06:24:47]   Loading: crew_lic_instructor (reload)...
[2026-03-14 06:24:47]   OK crew_lic_instructor: sql=0 db=0
[2026-03-14 06:24:47]   Loading: crew_license (reload)...
[2026-03-14 06:24:48]   OK crew_license: sql=0 db=0
[2026-03-14 06:24:50]   ... 5,000,000 lines read in 111s, 140 tables done
[2026-03-14 06:24:50]   Loading: crew_manday_cc_am (reload)...
[2026-03-14 06:24:54]   ERROR crew_manday_cc_am: mysql: [Warning] Using a password on the command line interface can be insecure. ERROR 1136 (21S01) at line 5: Column count doesn't match value count at row 1
[2026-03-14 06:24:54]   Loading: crew_manday_export (new)...
[2026-03-14 06:24:54]   OK crew_manday_export: sql=0 db=0
[2026-03-14 06:24:55]   Loading: crew_manday_fd (reload)...
[2026-03-14 06:24:56]   ERROR crew_manday_fd: mysql: [Warning] Using a password on the command line interface can be insecure. ERROR 1136 (21S01) at line 5: Column count doesn't match value count at row 1
[2026-03-14 06:24:56]   Loading: crew_manday_import_state (new)...
[2026-03-14 06:24:56]   OK crew_manday_import_state: sql=0 db=0
[2026-03-14 06:24:56]   Loading: crew_mark (reload)...
[2026-03-14 06:24:56]   OK crew_mark: sql=103 db=103
[2026-03-14 06:24:56]   Loading: crew_memo (reload)...
[2026-03-14 06:24:56]   ERROR crew_memo: mysql: [Warning] Using a password on the command line interface can be insecure. ERROR 1136 (21S01) at line 5: Column count doesn't match value count at row 1
[2026-03-14 06:24:56]   Loading: crew_message_send_record (reload)...
[2026-03-14 06:24:56]   ERROR crew_message_send_record: mysql: [Warning] Using a password on the command line interface can be insecure. ERROR 1136 (21S01) at line 5: Column count doesn't match value count at row 1
[2026-03-14 06:24:56]   Loading: crew_notice_email_send_record (new)...
[2026-03-14 06:24:56]   OK crew_notice_email_send_record: sql=0 db=0
[2026-03-14 06:24:56]   Loading: crew_notice_management (reload)...
[2026-03-14 06:24:56]   OK crew_notice_management: sql=0 db=0
[2026-03-14 06:24:56]   Loading: crew_notice_management_log (new)...
[2026-03-14 06:24:57]   OK crew_notice_management_log: sql=0 db=0
[2026-03-14 06:24:57]   Loading: crew_notice_send_config (new)...
[2026-03-14 06:24:57]   OK crew_notice_send_config: sql=0 db=0
[2026-03-14 06:24:57]   Loading: crew_notice_send_record (new)...
[2026-03-14 06:24:57]   OK crew_notice_send_record: sql=0 db=0
[2026-03-14 06:25:00]   Loading: crew_notification (reload)...
[2026-03-14 06:25:07]   ERROR crew_notification: mysql: [Warning] Using a password on the command line interface can be insecure. ERROR 1136 (21S01) at line 5: Column count doesn't match value count at row 1
[2026-03-14 06:25:08]   Loading: crew_notification_click (reload)...
[2026-03-14 06:25:08]   OK crew_notification_click: sql=1471 db=1471
[2026-03-14 06:25:08]   Loading: crew_pay_details (reload)...
[2026-03-14 06:25:08]   OK crew_pay_details: sql=0 db=0
[2026-03-14 06:25:08]   Loading: crew_preference (reload)...
[2026-03-14 06:25:08]   OK crew_preference: sql=0 db=0
[2026-03-14 06:25:08]   Loading: crew_profile (reload)...
[2026-03-14 06:25:08]   ERROR crew_profile: mysql: [Warning] Using a password on the command line interface can be insecure. ERROR 1136 (21S01) at line 5: Column count doesn't match value count at row 1
[2026-03-14 06:25:09]   Loading: crew_qualification (reload)...
[2026-03-14 06:25:09]   ERROR crew_qualification: mysql: [Warning] Using a password on the command line interface can be insecure. ERROR 1136 (21S01) at line 5: Column count doesn't match value count at row 1
[2026-03-14 06:25:10]   Loading: crew_qualification_imp (reload)...
[2026-03-14 06:25:10]   ERROR crew_qualification_imp: mysql: [Warning] Using a password on the command line interface can be insecure. ERROR 1136 (21S01) at line 5: Column count doesn't match value count at row 1
[2026-03-14 06:25:10]   Loading: crew_query_collection (reload)...
[2026-03-14 06:25:10]   OK crew_query_collection: sql=42 db=42
[2026-03-14 06:25:10]   Loading: crew_rank (reload)...
[2026-03-14 06:25:11]   OK crew_rank: sql=8193 db=8193
[2026-03-14 06:25:11]   Loading: crew_rank_imp (reload)...
[2026-03-14 06:25:11]   OK crew_rank_imp: sql=0 db=0
[2026-03-14 06:25:11]   Loading: crew_rank_search (reload)...
[2026-03-14 06:25:11]   OK crew_rank_search: sql=0 db=0
[2026-03-14 06:25:11]   Loading: crew_recency_report (new)...
[2026-03-14 06:25:11]   OK crew_recency_report: sql=15371 db=15371
[2026-03-14 06:25:11]   Loading: crew_recurrent (reload)...
[2026-03-14 06:25:12]   OK crew_recurrent: sql=0 db=0
[2026-03-14 06:25:12]   Loading: crew_request (reload)...
[2026-03-14 06:25:12]   OK crew_request: sql=0 db=0
[2026-03-14 06:25:12]   Loading: crew_request_detail (reload)...
[2026-03-14 06:25:12]   OK crew_request_detail: sql=0 db=0
[2026-03-14 06:25:12]   Loading: crew_request_entitlements (reload)...
[2026-03-14 06:25:12]   OK crew_request_entitlements: sql=0 db=0
[2026-03-14 06:25:12]   Loading: crew_request_memo (reload)...
[2026-03-14 06:25:12]   OK crew_request_memo: sql=2056 db=2056
[2026-03-14 06:25:12]   Loading: crew_request_record (reload)...
[2026-03-14 06:25:12]   ERROR crew_request_record: mysql: [Warning] Using a password on the command line interface can be insecure. ERROR 1136 (21S01) at line 5: Column count doesn't match value count at row 1
[2026-03-14 06:25:12]   Loading: crew_request_record_detail (reload)...
[2026-03-14 06:25:12]   ERROR crew_request_record_detail: mysql: [Warning] Using a password on the command line interface can be insecure. ERROR 1136 (21S01) at line 5: Column count doesn't match value count at row 1
[2026-03-14 06:25:13]   Loading: crew_rp_recency (reload)...
[2026-03-14 06:25:16]   OK crew_rp_recency: sql=114702 db=114702
[2026-03-14 06:25:16]   Loading: crew_seniority (reload)...
[2026-03-14 06:25:16]   OK crew_seniority: sql=0 db=0
[2026-03-14 06:25:16]   Loading: crew_status (reload)...
[2026-03-14 06:25:16]   OK crew_status: sql=8665 db=8665
[2026-03-14 06:25:16]   Loading: crew_suspension (reload)...
[2026-03-14 06:25:16]   OK crew_suspension: sql=0 db=0
[2026-03-14 06:25:16]   Loading: crew_swap_block_hour (new)...
[2026-03-14 06:25:17]   OK crew_swap_block_hour: sql=22442 db=22442
[2026-03-14 06:25:17]   Loading: crew_team (reload)...
[2026-03-14 06:25:17]   ERROR crew_team: mysql: [Warning] Using a password on the command line interface can be insecure. ERROR 1136 (21S01) at line 5: Column count doesn't match value count at row 1
[2026-03-14 06:25:17]   Loading: crew_team_imp (reload)...
[2026-03-14 06:25:17]   OK crew_team_imp: sql=0 db=0
[2026-03-14 06:25:17]   Loading: crew_training (new)...
[2026-03-14 06:25:17]   OK crew_training: sql=0 db=0
[2026-03-14 06:25:17]   Loading: crewse-rank-position (new)...
[2026-03-14 06:25:17]   OK crewse-rank-position: sql=0 db=0
[2026-03-14 06:25:17]   Loading: cta_crew_report (new)...
[2026-03-14 06:25:18]   OK cta_crew_report: sql=7847 db=7847
[2026-03-14 06:25:18]   Loading: cta_crew_report_export (new)...
[2026-03-14 06:25:18]   OK cta_crew_report_export: sql=75 db=75
[2026-03-14 06:25:18]   Loading: cta_send_info (new)...
[2026-03-14 06:25:18]   OK cta_send_info: sql=7847 db=7847
[2026-03-14 06:25:18]   Loading: cta_send_info_ignore (new)...
[2026-03-14 06:25:18]   OK cta_send_info_ignore: sql=0 db=0
[2026-03-14 06:25:19]   Loading: dat_tmp (reload)...
[2026-03-14 06:25:23]   OK dat_tmp: sql=112054 db=112054
[2026-03-14 06:25:23]   Loading: date_holder (reload)...
[2026-03-14 06:25:23]   OK date_holder: sql=0 db=0
[2026-03-14 06:25:23]   Loading: daylight_saving (reload)...
[2026-03-14 06:25:23]   OK daylight_saving: sql=0 db=0
[2026-03-14 06:25:23]   Loading: delete_operation_ver (reload)...
[2026-03-14 06:25:23]   OK delete_operation_ver: sql=0 db=0
[2026-03-14 06:25:23]   Loading: deleted (new)...
[2026-03-14 06:25:23]   OK deleted: sql=0 db=0
[2026-03-14 06:25:23]   Loading: department (reload)...
[2026-03-14 06:25:23]   OK department: sql=3 db=3
[2026-03-14 06:25:23]   Loading: department_group (reload)...
[2026-03-14 06:25:23]   OK department_group: sql=2 db=2
[2026-03-14 06:25:23]   Loading: device (reload)...
[2026-03-14 06:25:23]   OK device: sql=0 db=0
[2026-03-14 06:25:23]   Loading: device_disabled (reload)...
[2026-03-14 06:25:23]   OK device_disabled: sql=0 db=0
[2026-03-14 06:25:23]   Loading: division (reload)...
[2026-03-14 06:25:24]   OK division: sql=2 db=2
[2026-03-14 06:25:24]   Loading: division_construction (reload)...
[2026-03-14 06:25:24]   OK division_construction: sql=2 db=2
[2026-03-14 06:25:24]   Loading: duty_code2 (new)...
[2026-03-14 06:25:24]   OK duty_code2: sql=6187 db=6187
[2026-03-14 06:25:24]   Loading: duty_code_logic (new)...
[2026-03-14 06:25:24]   OK duty_code_logic: sql=0 db=0
[2026-03-14 06:25:24]   Loading: duty_code_type_comp (new)...
[2026-03-14 06:25:24]   OK duty_code_type_comp: sql=0 db=0
[2026-03-14 06:25:24]   Loading: effe_period (new)...
[2026-03-14 06:25:24]   OK effe_period: sql=5 db=5
[2026-03-14 06:25:24]   Loading: email_sending_config (new)...
[2026-03-14 06:25:24]   OK email_sending_config: sql=0 db=0
[2026-03-14 06:25:24]   Loading: email_sending_record (new)...
[2026-03-14 06:25:25]   OK email_sending_record: sql=0 db=0
[2026-03-14 06:25:25]   Loading: encrypt_setting (new)...
[2026-03-14 06:25:25]   OK encrypt_setting: sql=0 db=0
[2026-03-14 06:25:25]   Loading: entitlements_assign_plan (new)...
[2026-03-14 06:25:25]   OK entitlements_assign_plan: sql=0 db=0
[2026-03-14 06:25:25]   Loading: entitlements_grant_record (new)...
[2026-03-14 06:25:25]   OK entitlements_grant_record: sql=0 db=0
[2026-03-14 06:25:25]   Loading: exit_and_entry_inventory (reload)...
[2026-03-14 06:25:25]   OK exit_and_entry_inventory: sql=0 db=0
[2026-03-14 06:25:25]   Loading: export_result (new)...
[2026-03-14 06:25:25]   OK export_result: sql=0 db=0
[2026-03-14 06:25:25]   Loading: external_link (new)...
[2026-03-14 06:25:25]   OK external_link: sql=0 db=0
[2026-03-14 06:25:25]   Loading: fairness_qual (reload)...
[2026-03-14 06:25:25]   OK fairness_qual: sql=0 db=0
[2026-03-14 06:25:25]   Loading: fairness_report_frame (reload)...
[2026-03-14 06:25:25]   OK fairness_report_frame: sql=0 db=0
[2026-03-14 06:25:25]   Loading: fairness_target (reload)...
[2026-03-14 06:25:25]   OK fairness_target: sql=0 db=0
[2026-03-14 06:25:25]   Loading: fairness_target_day (reload)...
[2026-03-14 06:25:25]   OK fairness_target_day: sql=0 db=0
[2026-03-14 06:25:25]   Loading: fairness_target_month (reload)...
[2026-03-14 06:25:25]   OK fairness_target_month: sql=0 db=0
[2026-03-14 06:25:25]   Loading: fairness_target_qual (reload)...
[2026-03-14 06:25:25]   OK fairness_target_qual: sql=0 db=0
[2026-03-14 06:25:25]   Loading: fairness_west_south (reload)...
[2026-03-14 06:25:25]   OK fairness_west_south: sql=0 db=0
[2026-03-14 06:25:25]   Loading: fatigue_colour (reload)...
[2026-03-14 06:25:25]   OK fatigue_colour: sql=10 db=10
[2026-03-14 06:25:26]   Loading: fatigue_result (reload)...
[2026-03-14 06:25:26]   ERROR fatigue_result: mysql: [Warning] Using a password on the command line interface can be insecure. ERROR 1136 (21S01) at line 5: Column count doesn't match value count at row 1
[2026-03-14 06:25:26]   Loading: fatigue_tmp (reload)...
[2026-03-14 06:25:26]   OK fatigue_tmp: sql=0 db=0
[2026-03-14 06:25:29]   ... 10,000,000 lines read in 150s, 217 tables done
[2026-03-14 06:25:33]   Loading: file_info (reload)...
[2026-03-14 06:26:17]   ERROR file_info: mysql: [Warning] Using a password on the command line interface can be insecure. ERROR 1406 (22001) at line 5: Data too long for column 'original_file_name' at row 24
[2026-03-14 06:26:47]   Loading: file_info_of_user_guide (new)...
[2026-03-14 06:26:47]   OK file_info_of_user_guide: sql=0 db=0
[2026-03-14 06:26:47]   Loading: filiale (reload)...
[2026-03-14 06:26:47]   OK filiale: sql=1 db=1
[2026-03-14 06:26:47]   Loading: fleet (reload)...
[2026-03-14 06:26:47]   ERROR fleet: mysql: [Warning] Using a password on the command line interface can be insecure. ERROR 1136 (21S01) at line 5: Column count doesn't match value count at row 1
[2026-03-14 06:26:47]   Loading: fleet_access_control (reload)...
[2026-03-14 06:26:47]   OK fleet_access_control: sql=3168 db=3168
[2026-03-14 06:26:48]   Loading: flight_adjust_log (reload)...
[2026-03-14 06:26:48]   OK flight_adjust_log: sql=0 db=0
[2026-03-14 06:26:48]   Loading: flight_apis_parameter (reload)...
[2026-03-14 06:26:48]   OK flight_apis_parameter: sql=0 db=0
[2026-03-14 06:26:48]   Loading: flight_assignment_map (reload)...
[2026-03-14 06:26:48]   OK flight_assignment_map: sql=21 db=21
[2026-03-14 06:26:48]   Loading: flight_bc (reload)...
[2026-03-14 06:26:49]   ERROR flight_bc: mysql: [Warning] Using a password on the command line interface can be insecure. ERROR 1136 (21S01) at line 5: Column count doesn't match value count at row 1
[2026-03-14 06:26:49]   Loading: flight_blh_contract (reload)...
[2026-03-14 06:26:49]   OK flight_blh_contract: sql=0 db=0
[2026-03-14 06:26:49]   Loading: flight_blh_history (reload)...
[2026-03-14 06:26:49]   OK flight_blh_history: sql=0 db=0
[2026-03-14 06:26:49]   Loading: flight_booking_report (reload)...
[2026-03-14 06:26:49]   OK flight_booking_report: sql=0 db=0
[2026-03-14 06:26:49]   Loading: flight_booking_report_update (reload)...
[2026-03-14 06:26:49]   OK flight_booking_report_update: sql=0 db=0
[2026-03-14 06:26:49]   Loading: flight_check_point (reload)...
[2026-03-14 06:26:49]   OK flight_check_point: sql=0 db=0
[2026-03-14 06:26:50]   Loading: flight_composition (reload)...
[2026-03-14 06:27:02]   OK flight_composition: sql=716322 db=716322
[2026-03-14 06:27:05]   Loading: flight_export (reload)...
[2026-03-14 06:27:10]   ERROR flight_export: mysql: [Warning] Using a password on the command line interface can be insecure. ERROR 1136 (21S01) at line 5: Column count doesn't match value count at row 1
[2026-03-14 06:27:11]   Loading: flight_import_state (reload)...
[2026-03-14 06:27:11]   ERROR flight_import_state: mysql: [Warning] Using a password on the command line interface can be insecure. ERROR 1136 (21S01) at line 5: Column count doesn't match value count at row 1
[2026-03-14 06:27:11]   Loading: flight_manifest (reload)...
[2026-03-14 06:27:11]   OK flight_manifest: sql=0 db=0
[2026-03-14 06:27:11]   Loading: flight_memo (new)...
[2026-03-14 06:27:11]   OK flight_memo: sql=16 db=16
[2026-03-14 06:27:11]   Loading: flight_none_crew (new)...
[2026-03-14 06:27:12]   OK flight_none_crew: sql=16509 db=16509
[2026-03-14 06:27:12]   Loading: flight_notification_config (reload)...
[2026-03-14 06:27:12]   ERROR flight_notification_config: mysql: [Warning] Using a password on the command line interface can be insecure. ERROR 1136 (21S01) at line 5: Column count doesn't match value count at row 1
[2026-03-14 06:27:12]   Loading: flight_pause_setting (new)...
[2026-03-14 06:27:12]   OK flight_pause_setting: sql=240 db=240
[2026-03-14 06:27:12]   Loading: flight_pause_setting_log (new)...
[2026-03-14 06:27:12]   OK flight_pause_setting_log: sql=82 db=82
[2026-03-14 06:27:12]   Loading: flight_publish (reload)...
[2026-03-14 06:27:12]   OK flight_publish: sql=0 db=0
[2026-03-14 06:27:12]   Loading: flight_request_rank (new)...
[2026-03-14 06:27:12]   OK flight_request_rank: sql=14 db=14
[2026-03-14 06:27:12]   Loading: flight_seatbooking (reload)...
[2026-03-14 06:27:12]   OK flight_seatbooking: sql=4 db=4
[2026-03-14 06:27:12]   Loading: flight_tmp_store (new)...
[2026-03-14 06:27:13]   OK flight_tmp_store: sql=2668 db=2668
[2026-03-14 06:27:13]   Loading: flight_write_back_log (new)...
[2026-03-14 06:27:13]   OK flight_write_back_log: sql=10 db=10
[2026-03-14 06:27:13]   Loading: geneva_roster (reload)...
[2026-03-14 06:27:13]   OK geneva_roster: sql=0 db=0
[2026-03-14 06:27:13]   Loading: ground_duty_request (reload)...
[2026-03-14 06:27:14]   OK ground_duty_request: sql=0 db=0
[2026-03-14 06:27:14]   Loading: ground_meal_setting (new)...
[2026-03-14 06:27:14]   OK ground_meal_setting: sql=0 db=0
[2026-03-14 06:27:14]   Loading: guarantee_fly_hours (reload)...
[2026-03-14 06:27:14]   OK guarantee_fly_hours: sql=0 db=0
[2026-03-14 06:27:14]   Loading: handover_log (reload)...
[2026-03-14 06:27:14]   OK handover_log: sql=0 db=0
[2026-03-14 06:27:14]   Loading: heart_task (reload)...
[2026-03-14 06:27:14]   OK heart_task: sql=0 db=0
[2026-03-14 06:27:14]   Loading: heart_task_detail (reload)...
[2026-03-14 06:27:14]   OK heart_task_detail: sql=0 db=0
[2026-03-14 06:27:14]   Loading: history_crew_statistics (reload)...
[2026-03-14 06:27:17]   OK history_crew_statistics: sql=149600 db=149600
[2026-03-14 06:27:17]   Loading: history_department_statistics (reload)...
[2026-03-14 06:27:17]   OK history_department_statistics: sql=0 db=0
[2026-03-14 06:27:17]   Loading: holiday (reload)...
[2026-03-14 06:27:18]   OK holiday: sql=48 db=48
[2026-03-14 06:27:18]   Loading: hotel (reload)...
[2026-03-14 06:27:18]   OK hotel: sql=0 db=0
[2026-03-14 06:27:18]   Loading: hotel_booking_report (reload)...
[2026-03-14 06:27:18]   OK hotel_booking_report: sql=0 db=0
[2026-03-14 06:27:18]   Loading: hotel_booking_report_update (reload)...
[2026-03-14 06:27:18]   OK hotel_booking_report_update: sql=0 db=0
[2026-03-14 06:27:18]   Loading: hotel_checking (reload)...
[2026-03-14 06:27:18]   OK hotel_checking: sql=0 db=0
[2026-03-14 06:27:18]   Loading: hotel_checking_del_log (reload)...
[2026-03-14 06:27:18]   OK hotel_checking_del_log: sql=0 db=0
[2026-03-14 06:27:18]   Loading: hotel_info (reload)...
[2026-03-14 06:27:18]   ERROR hotel_info: mysql: [Warning] Using a password on the command line interface can be insecure. ERROR 1136 (21S01) at line 5: Column count doesn't match value count at row 1
[2026-03-14 06:27:18]   Loading: hotel_info_cost_detail (reload)...
[2026-03-14 06:27:18]   OK hotel_info_cost_detail: sql=74 db=74
[2026-03-14 06:27:18]   Loading: hotel_match_rule (reload)...
[2026-03-14 06:27:18]   ERROR hotel_match_rule: mysql: [Warning] Using a password on the command line interface can be insecure. ERROR 1136 (21S01) at line 5: Column count doesn't match value count at row 1
[2026-03-14 06:27:18]   Loading: hotel_match_rule_detail (reload)...
[2026-03-14 06:27:18]   ERROR hotel_match_rule_detail: mysql: [Warning] Using a password on the command line interface can be insecure. ERROR 1136 (21S01) at line 5: Column count doesn't match value count at row 1
[2026-03-14 06:27:18]   Loading: image (reload)...
[2026-03-14 06:27:18]   OK image: sql=0 db=0
[2026-03-14 06:27:18]   Loading: inorout_record (reload)...
[2026-03-14 06:27:18]   OK inorout_record: sql=0 db=0
[2026-03-14 06:27:18]   Loading: instructor_qual (reload)...
[2026-03-14 06:27:18]   OK instructor_qual: sql=0 db=0
[2026-03-14 06:27:18]   Loading: inventory_crew (reload)...
[2026-03-14 06:27:19]   OK inventory_crew: sql=0 db=0
[2026-03-14 06:27:19]   Loading: journey_log_template (reload)...
[2026-03-14 06:27:25]   OK journey_log_template: sql=40 db=40
[2026-03-14 06:27:25]   Loading: kpi (reload)...
[2026-03-14 06:27:25]   ERROR kpi: mysql: [Warning] Using a password on the command line interface can be insecure. ERROR 1136 (21S01) at line 5: Column count doesn't match value count at row 1
[2026-03-14 06:27:25]   Loading: landing_data (new)...
[2026-03-14 06:27:28]   OK landing_data: sql=84818 db=84818
[2026-03-14 06:27:28]   Loading: language (reload)...
[2026-03-14 06:27:28]   OK language: sql=4 db=4
[2026-03-14 06:27:28]   Loading: language_requirements (new)...
[2026-03-14 06:27:28]   OK language_requirements: sql=0 db=0
[2026-03-14 06:27:28]   Loading: lc (new)...
[2026-03-14 06:27:28]   OK lc: sql=0 db=0
[2026-03-14 06:27:28]   Loading: leave_ballot (reload)...
[2026-03-14 06:27:28]   OK leave_ballot: sql=0 db=0
[2026-03-14 06:27:28]   Loading: leave_ballot_crew (reload)...
[2026-03-14 06:27:28]   OK leave_ballot_crew: sql=0 db=0
[2026-03-14 06:27:28]   Loading: leave_ballot_request (reload)...
[2026-03-14 06:27:29]   OK leave_ballot_request: sql=0 db=0
[2026-03-14 06:27:29]   Loading: leave_ballot_slots_points (reload)...
[2026-03-14 06:27:29]   OK leave_ballot_slots_points: sql=0 db=0
[2026-03-14 06:27:29]   Loading: leave_crew_entitlement (reload)...
[2026-03-14 06:27:29]   OK leave_crew_entitlement: sql=0 db=0
[2026-03-14 06:27:29]   Loading: limit_config (new)...
[2026-03-14 06:27:29]   OK limit_config: sql=2 db=2
[2026-03-14 06:27:29]   Loading: live_config (reload)...
[2026-03-14 06:27:29]   ERROR live_config: mysql: [Warning] Using a password on the command line interface can be insecure. ERROR 1406 (22001) at line 5: Data too long for column 'module' at row 1
[2026-03-14 06:27:29]   Loading: master_pairing_report_export (new)...
[2026-03-14 06:27:29]   OK master_pairing_report_export: sql=1 db=1
[2026-03-14 06:27:29]   Loading: mcl_send_info (reload)...
[2026-03-14 06:27:29]   OK mcl_send_info: sql=0 db=0
[2026-03-14 06:27:29]   Loading: message_log (reload)...
[2026-03-14 06:27:29]   OK message_log: sql=0 db=0
[2026-03-14 06:27:29]   Loading: mp_parameter (reload)...
[2026-03-14 06:27:29]   OK mp_parameter: sql=0 db=0
[2026-03-14 06:27:29]   Loading: mp_parameter_set (reload)...
[2026-03-14 06:27:29]   OK mp_parameter_set: sql=0 db=0
[2026-03-14 06:27:29]   Loading: none_crew (reload)...
[2026-03-14 06:27:29]   ERROR none_crew: mysql: [Warning] Using a password on the command line interface can be insecure. ERROR 1136 (21S01) at line 5: Column count doesn't match value count at row 1
[2026-03-14 06:27:29]   Loading: none_crew_certificate (reload)...
[2026-03-14 06:27:30]   ERROR none_crew_certificate: mysql: [Warning] Using a password on the command line interface can be insecure. ERROR 1136 (21S01) at line 5: Column count doesn't match value count at row 1
[2026-03-14 06:27:30]   Loading: notification_define (reload)...
[2026-03-14 06:27:30]   OK notification_define: sql=0 db=0
[2026-03-14 06:27:30]   Loading: optimization_necessity (reload)...
[2026-03-14 06:27:30]   OK optimization_necessity: sql=9 db=9
[2026-03-14 06:27:30]   Loading: orders_sending_log (new)...
[2026-03-14 06:27:30]   OK orders_sending_log: sql=3502 db=3502
[2026-03-14 06:27:30]   Loading: orders_sending_log_booking_detail (new)...
[2026-03-14 06:27:34]   OK orders_sending_log_booking_detail: sql=47923 db=47923
[2026-03-14 06:27:34]   Loading: orders_sending_log_detail (new)...
[2026-03-14 06:27:34]   OK orders_sending_log_detail: sql=3609 db=3609
[2026-03-14 06:27:34]   Loading: orders_sending_setting (new)...
[2026-03-14 06:27:34]   OK orders_sending_setting: sql=49 db=49
[2026-03-14 06:27:34]   Loading: ovlap_lve_notice (reload)...
[2026-03-14 06:27:34]   OK ovlap_lve_notice: sql=730 db=730
[2026-03-14 06:27:35]   ... 15,000,000 lines read in 276s, 295 tables done
[2026-03-14 06:27:37]   Loading: pairing_duty_node_ver (reload)...
[2026-03-14 06:27:37]   OK pairing_duty_node_ver: sql=0 db=0
[2026-03-14 06:27:43]   Loading: pairing_to_cmx_record (reload)...
[2026-03-14 06:27:43]   OK pairing_to_cmx_record: sql=0 db=0
[2026-03-14 06:27:43]   Loading: pairing_ver (reload)...
[2026-03-14 06:27:43]   OK pairing_ver: sql=0 db=0
[2026-03-14 06:27:43]   Loading: passport_match_rule (reload)...
[2026-03-14 06:27:43]   OK passport_match_rule: sql=0 db=0
[2026-03-14 06:27:43]   Loading: pay_calculation_log (reload)...
[2026-03-14 06:27:43]   OK pay_calculation_log: sql=0 db=0
[2026-03-14 06:27:43]   Loading: pay_code (reload)...
[2026-03-14 06:27:43]   OK pay_code: sql=0 db=0
[2026-03-14 06:27:43]   Loading: pay_crew_group (reload)...
[2026-03-14 06:27:43]   OK pay_crew_group: sql=0 db=0
[2026-03-14 06:27:43]   Loading: pay_flt_hours_detail (reload)...
[2026-03-14 06:27:43]   OK pay_flt_hours_detail: sql=0 db=0
[2026-03-14 06:27:43]   Loading: posting (reload)...
[2026-03-14 06:27:44]   OK posting: sql=0 db=0
[2026-03-14 06:27:44]   Loading: print_duty_record (reload)...
[2026-03-14 06:27:44]   OK print_duty_record: sql=0 db=0
[2026-03-14 06:27:44]   Loading: print_record (reload)...
[2026-03-14 06:27:44]   OK print_record: sql=0 db=0
[2026-03-14 06:27:44]   Loading: qp_qualification_project_age (reload)...
[2026-03-14 06:27:44]   OK qp_qualification_project_age: sql=0 db=0
[2026-03-14 06:27:44]   Loading: qq_crew_roster_requests (reload)...
[2026-03-14 06:27:44]   OK qq_crew_roster_requests: sql=0 db=0
[2026-03-14 06:27:44]   Loading: qual_combination_restriction (reload)...
[2026-03-14 06:27:44]   OK qual_combination_restriction: sql=0 db=0
[2026-03-14 06:27:44]   Loading: qual_extension_config (reload)...
[2026-03-14 06:27:44]   OK qual_extension_config: sql=0 db=0
[2026-03-14 06:27:44]   Loading: report_frame (reload)...
[2026-03-14 06:27:44]   OK report_frame: sql=0 db=0
[2026-03-14 06:27:44]   Loading: request_approval_order (reload)...
[2026-03-14 06:27:44]   OK request_approval_order: sql=0 db=0
[2026-03-14 06:27:44]   Loading: request_phase_period (reload)...
[2026-03-14 06:27:44]   OK request_phase_period: sql=0 db=0
[2026-03-14 06:27:44]   Loading: room_allocation_rule (reload)...
[2026-03-14 06:27:44]   OK room_allocation_rule: sql=0 db=0
[2026-03-14 06:27:46]   ... 20,000,000 lines read in 287s, 314 tables done
[2026-03-14 06:28:00]   ... 25,000,000 lines read in 301s, 314 tables done
[2026-03-14 06:28:13]   ... 30,000,000 lines read in 314s, 314 tables done
[2026-03-14 06:28:25]   ... 35,000,000 lines read in 326s, 314 tables done
[2026-03-14 06:28:37]   ... 40,000,000 lines read in 338s, 314 tables done
[2026-03-14 06:28:47]   Loading: roster_publish_adjust (reload)...
[2026-03-14 06:28:54]   ERROR roster_publish_adjust: mysql: [Warning] Using a password on the command line interface can be insecure. ERROR 1136 (21S01) at line 5: Column count doesn't match value count at row 1
[2026-03-14 06:28:54]   Loading: route_radiation_config (reload)...
[2026-03-14 06:28:54]   OK route_radiation_config: sql=0 db=0
[2026-03-14 06:28:54]   Loading: rule_param_validation (reload)...
[2026-03-14 06:28:54]   OK rule_param_validation: sql=0 db=0
[2026-03-14 06:28:54]   Loading: sby_import (reload)...
[2026-03-14 06:28:54]   OK sby_import: sql=0 db=0
[2026-03-14 06:28:58]   ... 45,000,000 lines read in 359s, 318 tables done
[2026-03-14 06:29:05]   Loading: simulate_login_log (reload)...
[2026-03-14 06:29:05]   OK simulate_login_log: sql=0 db=0
[2026-03-14 06:29:05]   Loading: sny_request (reload)...
[2026-03-14 06:29:06]   OK sny_request: sql=0 db=0
[2026-03-14 06:29:06]   Loading: ssim_missing_flight (reload)...
[2026-03-14 06:29:06]   OK ssim_missing_flight: sql=0 db=0
[2026-03-14 06:29:06]   Loading: standard_course (reload)...
[2026-03-14 06:29:06]   OK standard_course: sql=0 db=0
[2026-03-14 06:29:06]   Loading: stu_for_pre_lock_teacher (reload)...
[2026-03-14 06:29:06]   OK stu_for_pre_lock_teacher: sql=0 db=0
[2026-03-14 06:29:06]   Loading: sync_config (reload)...
[2026-03-14 06:29:06]   OK sync_config: sql=0 db=0
[2026-03-14 06:29:06]   Loading: tag_super_category (reload)...
[2026-03-14 06:29:06]   OK tag_super_category: sql=0 db=0
[2026-03-14 06:29:06]   Loading: tag_super_category_map (reload)...
[2026-03-14 06:29:06]   OK tag_super_category_map: sql=0 db=0
[2026-03-14 06:29:06]   Loading: task_swap_task_publish (reload)...
[2026-03-14 06:29:06]   OK task_swap_task_publish: sql=0 db=0
[2026-03-14 06:29:06]   Loading: teaching (reload)...
[2026-03-14 06:29:07]   OK teaching: sql=0 db=0
[2026-03-14 06:29:07]   Loading: teaching_cross_rank (reload)...
[2026-03-14 06:29:07]   OK teaching_cross_rank: sql=0 db=0
[2026-03-14 06:29:07]   Loading: teaching_detail (reload)...
[2026-03-14 06:29:07]   OK teaching_detail: sql=0 db=0
[2026-03-14 06:29:07]   Loading: teaching_detail_model (reload)...
[2026-03-14 06:29:07]   OK teaching_detail_model: sql=0 db=0
[2026-03-14 06:29:07]   Loading: teaching_forbid_flight (reload)...
[2026-03-14 06:29:07]   OK teaching_forbid_flight: sql=0 db=0
[2026-03-14 06:29:07]   Loading: teaching_group_limit (reload)...
[2026-03-14 06:29:07]   OK teaching_group_limit: sql=0 db=0
[2026-03-14 06:29:07]   Loading: teaching_num_limit (reload)...
[2026-03-14 06:29:07]   OK teaching_num_limit: sql=0 db=0
[2026-03-14 06:29:07]   Loading: teaching_prefer_flight (reload)...
[2026-03-14 06:29:07]   OK teaching_prefer_flight: sql=0 db=0
[2026-03-14 06:29:07]   Loading: temp_records_to_keep (reload)...
[2026-03-14 06:29:07]   OK temp_records_to_keep: sql=0 db=0
[2026-03-14 06:29:07]   Loading: time_block_plan (reload)...
[2026-03-14 06:29:07]   OK time_block_plan: sql=0 db=0
[2026-03-14 06:29:07]   Loading: tm_course_brief (reload)...
[2026-03-14 06:29:08]   OK tm_course_brief: sql=0 db=0
[2026-03-14 06:29:08]   Loading: tm_course_preposition (reload)...
[2026-03-14 06:29:08]   OK tm_course_preposition: sql=0 db=0
[2026-03-14 06:29:08]   Loading: tm_course_role_device (reload)...
[2026-03-14 06:29:08]   OK tm_course_role_device: sql=0 db=0
[2026-03-14 06:29:08]   Loading: tm_course_time (reload)...
[2026-03-14 06:29:08]   OK tm_course_time: sql=0 db=0
[2026-03-14 06:29:08]   Loading: tm_exemption_course (reload)...
[2026-03-14 06:29:08]   OK tm_exemption_course: sql=0 db=0
[2026-03-14 06:29:08]   Loading: tm_footprint_course_ip_role (reload)...
[2026-03-14 06:29:08]   OK tm_footprint_course_ip_role: sql=0 db=0
[2026-03-14 06:29:08]   Loading: tm_footprint_course_ip_role_base (reload)...
[2026-03-14 06:29:08]   OK tm_footprint_course_ip_role_base: sql=0 db=0
[2026-03-14 06:29:08]   Loading: tm_footprint_course_ip_role_qual (reload)...
[2026-03-14 06:29:08]   OK tm_footprint_course_ip_role_qual: sql=0 db=0
[2026-03-14 06:29:08]   Loading: tm_footprint_course_ipck (reload)...
[2026-03-14 06:29:08]   OK tm_footprint_course_ipck: sql=0 db=0
[2026-03-14 06:29:08]   Loading: tm_footprint_course_limitation (reload)...
[2026-03-14 06:29:08]   OK tm_footprint_course_limitation: sql=0 db=0
[2026-03-14 06:29:08]   Loading: tm_footprint_course_more (reload)...
[2026-03-14 06:29:09]   OK tm_footprint_course_more: sql=0 db=0
[2026-03-14 06:29:09]   Loading: tm_footprint_course_more_leg (reload)...
[2026-03-14 06:29:09]   OK tm_footprint_course_more_leg: sql=0 db=0
[2026-03-14 06:29:09]   Loading: tm_footprint_course_role (reload)...
[2026-03-14 06:29:09]   OK tm_footprint_course_role: sql=0 db=0
[2026-03-14 06:29:09]   Loading: tm_footprint_course_role_qual (reload)...
[2026-03-14 06:29:09]   OK tm_footprint_course_role_qual: sql=0 db=0
[2026-03-14 06:29:09]   Loading: tm_footprint_course_trainee (reload)...
[2026-03-14 06:29:09]   OK tm_footprint_course_trainee: sql=0 db=0
[2026-03-14 06:29:09]   Loading: tm_footprint_pip (reload)...
[2026-03-14 06:29:09]   OK tm_footprint_pip: sql=0 db=0
[2026-03-14 06:29:09]   Loading: tm_pairing_chart (reload)...
[2026-03-14 06:29:09]   OK tm_pairing_chart: sql=0 db=0
[2026-03-14 06:29:09]   Loading: tm_pairing_chart_course (reload)...
[2026-03-14 06:29:09]   OK tm_pairing_chart_course: sql=0 db=0
[2026-03-14 06:29:09]   Loading: tm_pairing_chart_role (reload)...
[2026-03-14 06:29:09]   OK tm_pairing_chart_role: sql=0 db=0
[2026-03-14 06:29:09]   Loading: tm_pairing_chart_role_qual (reload)...
[2026-03-14 06:29:10]   OK tm_pairing_chart_role_qual: sql=0 db=0
[2026-03-14 06:29:10]   Loading: tm_program_buddy (reload)...
[2026-03-14 06:29:10]   OK tm_program_buddy: sql=0 db=0
[2026-03-14 06:29:10]   Loading: tm_program_buddy_course (reload)...
[2026-03-14 06:29:10]   OK tm_program_buddy_course: sql=0 db=0
[2026-03-14 06:29:10]   Loading: tm_program_buddy_time (reload)...
[2026-03-14 06:29:10]   OK tm_program_buddy_time: sql=0 db=0
[2026-03-14 06:29:12]   Loading: tm_program_course_ip_role (reload)...
[2026-03-14 06:29:12]   OK tm_program_course_ip_role: sql=0 db=0
[2026-03-14 06:29:12]   Loading: tm_program_course_ip_role_base (reload)...
[2026-03-14 06:29:12]   OK tm_program_course_ip_role_base: sql=0 db=0
[2026-03-14 06:29:12]   Loading: tm_program_course_ip_role_qual (reload)...
[2026-03-14 06:29:12]   OK tm_program_course_ip_role_qual: sql=0 db=0
[2026-03-14 06:29:12]   Loading: tm_program_course_ipck (reload)...
[2026-03-14 06:29:12]   OK tm_program_course_ipck: sql=0 db=0
[2026-03-14 06:29:12]   Loading: tm_program_course_limitation (reload)...
[2026-03-14 06:29:12]   OK tm_program_course_limitation: sql=0 db=0
[2026-03-14 06:29:12]   Loading: tm_program_course_more (reload)...
[2026-03-14 06:29:12]   OK tm_program_course_more: sql=0 db=0
[2026-03-14 06:29:12]   Loading: tm_program_course_more_leg (reload)...
[2026-03-14 06:29:12]   OK tm_program_course_more_leg: sql=0 db=0
[2026-03-14 06:29:12]   Loading: tm_program_course_pnr (reload)...
[2026-03-14 06:29:13]   OK tm_program_course_pnr: sql=0 db=0
[2026-03-14 06:29:13]   Loading: tm_program_course_role (reload)...
[2026-03-14 06:29:13]   OK tm_program_course_role: sql=0 db=0
[2026-03-14 06:29:13]   Loading: tm_program_course_role_qual (reload)...
[2026-03-14 06:29:13]   OK tm_program_course_role_qual: sql=0 db=0
[2026-03-14 06:29:13]   Loading: tm_program_pip (reload)...
[2026-03-14 06:29:13]   OK tm_program_pip: sql=0 db=0
[2026-03-14 06:29:13]   Loading: tm_program_rest_pattern (reload)...
[2026-03-14 06:29:13]   OK tm_program_rest_pattern: sql=0 db=0
[2026-03-14 06:29:13]   Loading: tm_training_config (reload)...
[2026-03-14 06:29:13]   OK tm_training_config: sql=0 db=0
[2026-03-14 06:29:13]   Loading: tmp_id (reload)...
[2026-03-14 06:29:13]   OK tmp_id: sql=0 db=0
[2026-03-14 06:29:13]   Loading: tmp_long_id (reload)...
[2026-03-14 06:29:13]   OK tmp_long_id: sql=0 db=0
[2026-03-14 06:29:13]   Loading: tmp_long_id_session (reload)...
[2026-03-14 06:29:13]   OK tmp_long_id_session: sql=0 db=0
[2026-03-14 06:29:13]   Loading: tmp_var_id (reload)...
[2026-03-14 06:29:13]   ERROR tmp_var_id: mysql: [Warning] Using a password on the command line interface can be insecure. ERROR 1136 (21S01) at line 5: Column count doesn't match value count at row 1
[2026-03-14 06:29:13]   Loading: training (reload)...
[2026-03-14 06:29:13]   OK training: sql=0 db=0
[2026-03-14 06:29:13]   Loading: training_course (reload)...
[2026-03-14 06:29:13]   OK training_course: sql=0 db=0
[2026-03-14 06:29:13]   Loading: training_due (reload)...
[2026-03-14 06:29:13]   OK training_due: sql=0 db=0
[2026-03-14 06:29:13]   Loading: training_footprint (reload)...
[2026-03-14 06:29:14]   OK training_footprint: sql=0 db=0
[2026-03-14 06:29:14]   Loading: training_footprint_detail (reload)...
[2026-03-14 06:29:14]   OK training_footprint_detail: sql=0 db=0
[2026-03-14 06:29:14]   Loading: training_plan_demanded_trianee (reload)...
[2026-03-14 06:29:14]   OK training_plan_demanded_trianee: sql=0 db=0
[2026-03-14 06:29:14]   Loading: training_plan_structure (reload)...
[2026-03-14 06:29:14]   OK training_plan_structure: sql=0 db=0
[2026-03-14 06:29:14]   Loading: training_qualification (reload)...
[2026-03-14 06:29:14]   OK training_qualification: sql=0 db=0
[2026-03-14 06:29:14]   Loading: training_roster (reload)...
[2026-03-14 06:29:14]   OK training_roster: sql=0 db=0
[2026-03-14 06:29:14]   Loading: training_session (reload)...
[2026-03-14 06:29:14]   OK training_session: sql=0 db=0
[2026-03-14 06:29:14]   Loading: training_session_detail (reload)...
[2026-03-14 06:29:14]   OK training_session_detail: sql=0 db=0
[2026-03-14 06:29:14]   Loading: training_venue (reload)...
[2026-03-14 06:29:14]   OK training_venue: sql=0 db=0
[2026-03-14 06:29:14]   Loading: venue (reload)...
[2026-03-14 06:29:14]   OK venue: sql=0 db=0
[2026-03-14 06:29:15]   Loading: voyage_duty (reload)...
[2026-03-14 06:29:15]   OK voyage_duty: sql=0 db=0
[2026-03-14 06:29:15]   Loading: voyage_duty_detail (reload)...
[2026-03-14 06:29:15]   OK voyage_duty_detail: sql=0 db=0
[2026-03-14 06:29:15]   Loading: voyage_fuel_record (reload)...
[2026-03-14 06:29:15]   OK voyage_fuel_record: sql=0 db=0
[2026-03-14 06:29:16] 
Extraction pass done in 376.2s. 393 tables processed.
[2026-03-14 06:29:16] 
Generating comparison report...
[2026-03-14 06:29:16] Report saved to: /home/eleihu6/DataLoading/COMPARISON_REPORT.txt
[2026-03-14 06:29:16] Done.
[2026-03-14 06:35:09] ============================================================
[2026-03-14 06:35:09] reload_missing.py starting
[2026-03-14 06:35:09] Excluded tables: 80
[2026-03-14 06:35:09] Querying MySQL for existing tables and zero-row estimates...
[2026-03-14 06:35:09]   MySQL tables: 608, estimated zero-row: 421
[2026-03-14 06:35:09] Getting table list from SQL file...
[2026-03-14 06:36:43]   SQL tables: 613
[2026-03-14 06:36:43]   Missing from MySQL (not excluded): 0
[2026-03-14 06:36:43]   Zero-row in MySQL (not excluded): 358
[2026-03-14 06:36:43] Verifying zero-row tables with exact COUNT(*)...
[2026-03-14 06:36:49]   Confirmed zero-row (exact count): 303
[2026-03-14 06:36:49] Total target tables: 303 (0 new + 303 reload)
[2026-03-14 06:36:49] 
Starting single-pass extraction from /home/eleihu6/rois_tg_live_load/rois_tg_live_prod.sql...
[2026-03-14 06:36:49] Tables to process: ['aircraft', 'airport', 'airport_contact_for_hotel', 'airport_default', 'airport_imp', 'airport_temp', 'airport_zero', 'allowance_rate', 'allowance_scenario_calculate', 'allowance_scenario_calculate_detail']...
[2026-03-14 06:36:49]   Loading: aircraft (reload)...
[2026-03-14 06:36:49]   OK aircraft: sql=112 db=112
[2026-03-14 06:36:49]   Loading: airport (reload)...
[2026-03-14 06:36:50]   OK airport: sql=11636 db=11636
[2026-03-14 06:36:50]   Loading: airport_contact_for_hotel (reload)...
[2026-03-14 06:36:50]   OK airport_contact_for_hotel: sql=0 db=0
[2026-03-14 06:36:50]   Loading: airport_default (reload)...
[2026-03-14 06:36:50]   OK airport_default: sql=0 db=0
[2026-03-14 06:36:50]   Loading: airport_imp (reload)...
[2026-03-14 06:36:51]   OK airport_imp: sql=0 db=0
[2026-03-14 06:36:51]   Loading: airport_temp (reload)...
[2026-03-14 06:36:51]   OK airport_temp: sql=0 db=0
[2026-03-14 06:36:51]   Loading: airport_zero (reload)...
[2026-03-14 06:36:51]   OK airport_zero: sql=0 db=0
[2026-03-14 06:36:52]   Loading: allowance_rate (reload)...
[2026-03-14 06:36:52]   OK allowance_rate: sql=0 db=0
[2026-03-14 06:36:52]   Loading: allowance_scenario_calculate (reload)...
[2026-03-14 06:36:52]   OK allowance_scenario_calculate: sql=0 db=0
[2026-03-14 06:36:52]   Loading: allowance_scenario_calculate_detail (reload)...
[2026-03-14 06:36:52]   OK allowance_scenario_calculate_detail: sql=0 db=0
[2026-03-14 06:36:52]   Loading: allowance_scenario_calculate_detail_tg (reload)...
[2026-03-14 06:36:52]   OK allowance_scenario_calculate_detail_tg: sql=0 db=0
[2026-03-14 06:36:52]   Loading: allowance_scenario_calculate_pairing (reload)...
[2026-03-14 06:36:52]   OK allowance_scenario_calculate_pairing: sql=0 db=0
[2026-03-14 06:36:52]   Loading: allowance_scenario_calculate_pairing_detail (reload)...
[2026-03-14 06:36:52]   OK allowance_scenario_calculate_pairing_detail: sql=0 db=0
[2026-03-14 06:36:52]   Loading: allowance_scenario_calculate_tg (reload)...
[2026-03-14 06:36:52]   OK allowance_scenario_calculate_tg: sql=0 db=0
[2026-03-14 06:36:52]   Loading: allowance_scenario_publish (reload)...
[2026-03-14 06:36:53]   OK allowance_scenario_publish: sql=0 db=0
[2026-03-14 06:36:53]   Loading: allowance_scenario_publish_detail (reload)...
[2026-03-14 06:36:53]   OK allowance_scenario_publish_detail: sql=0 db=0
[2026-03-14 06:36:53]   Loading: allowance_scenario_publish_operation_record (reload)...
[2026-03-14 06:36:53]   OK allowance_scenario_publish_operation_record: sql=0 db=0
[2026-03-14 06:36:53]   Loading: apis_common_config (reload)...
[2026-03-14 06:36:53]   OK apis_common_config: sql=0 db=0
[2026-03-14 06:36:53]   Loading: apis_crew (reload)...
[2026-03-14 06:36:53]   OK apis_crew: sql=0 db=0
[2026-03-14 06:36:53]   Loading: apis_flight (reload)...
[2026-03-14 06:36:53]   OK apis_flight: sql=0 db=0
[2026-03-14 06:36:53]   Loading: apis_generate (reload)...
[2026-03-14 06:36:58]   OK apis_generate: sql=61452 db=61452
[2026-03-14 06:36:58]   Loading: apis_generate_crew (reload)...
[2026-03-14 06:37:11]   OK apis_generate_crew: sql=202803 db=202803
[2026-03-14 06:37:11]   Loading: apis_method (reload)...
[2026-03-14 06:37:11]   OK apis_method: sql=183 db=183
[2026-03-14 06:37:12]   Loading: apis_record (reload)...
[2026-03-14 06:37:12]   OK apis_record: sql=0 db=0
[2026-03-14 06:37:12]   Loading: apis_rule (reload)...
[2026-03-14 06:37:12]   OK apis_rule: sql=73 db=73
[2026-03-14 06:37:12]   Loading: apis_rule_detail (reload)...
[2026-03-14 06:37:12]   OK apis_rule_detail: sql=78 db=78
[2026-03-14 06:37:12]   Loading: apis_setting (reload)...
[2026-03-14 06:37:12]   OK apis_setting: sql=38 db=38
[2026-03-14 06:37:12]   Loading: apis_template_collection (reload)...
[2026-03-14 06:37:14]   OK apis_template_collection: sql=34 db=34
[2026-03-14 06:37:14]   Loading: app_used_record (reload)...
[2026-03-14 06:37:14]   OK app_used_record: sql=0 db=0
[2026-03-14 06:37:14]   Loading: assignment (reload)...
[2026-03-14 06:37:14]   OK assignment: sql=711 db=711
[2026-03-14 06:37:16]   Loading: auditing_log (reload)...
[2026-03-14 06:37:54]   OK auditing_log: sql=864854 db=864854
[2026-03-14 06:37:54]   Loading: auto_scheduling (reload)...
[2026-03-14 06:37:54]   OK auto_scheduling: sql=0 db=0
[2026-03-14 06:37:54]   Loading: ballot_leave_entitlement (reload)...
[2026-03-14 06:37:54]   OK ballot_leave_entitlement: sql=0 db=0
[2026-03-14 06:37:54]   Loading: ballot_leave_record (reload)...
[2026-03-14 06:37:54]   OK ballot_leave_record: sql=0 db=0
[2026-03-14 06:37:54]   Loading: ballot_leave_record_detail (reload)...
[2026-03-14 06:37:54]   OK ballot_leave_record_detail: sql=0 db=0
[2026-03-14 06:37:54]   Loading: bidding_apply_record (reload)...
[2026-03-14 06:37:54]   OK bidding_apply_record: sql=0 db=0
[2026-03-14 06:37:54]   Loading: bidding_approval_result (reload)...
[2026-03-14 06:37:54]   OK bidding_approval_result: sql=0 db=0
[2026-03-14 06:37:54]   Loading: bidding_approval_setting (reload)...
[2026-03-14 06:37:54]   OK bidding_approval_setting: sql=0 db=0
[2026-03-14 06:37:54]   Loading: bidding_approval_setting_phase (reload)...
[2026-03-14 06:37:54]   OK bidding_approval_setting_phase: sql=0 db=0
[2026-03-14 06:37:54]   Loading: bidding_point_assign_plan (reload)...
[2026-03-14 06:37:54]   OK bidding_point_assign_plan: sql=0 db=0
[2026-03-14 06:37:54]   Loading: bidding_point_grant_record (reload)...
[2026-03-14 06:37:54]   OK bidding_point_grant_record: sql=0 db=0
[2026-03-14 06:37:54]   Loading: bidding_price_setting (reload)...
[2026-03-14 06:37:55]   OK bidding_price_setting: sql=0 db=0
[2026-03-14 06:37:55]   Loading: bidding_price_setting_daily_config (reload)...
[2026-03-14 06:37:55]   OK bidding_price_setting_daily_config: sql=0 db=0
[2026-03-14 06:37:55]   Loading: bidding_quota (reload)...
[2026-03-14 06:37:55]   OK bidding_quota: sql=0 db=0
[2026-03-14 06:37:55]   Loading: bidding_quota_del_detail (reload)...
[2026-03-14 06:37:55]   OK bidding_quota_del_detail: sql=0 db=0
[2026-03-14 06:37:55]   Loading: bidding_quota_detail (reload)...
[2026-03-14 06:37:55]   OK bidding_quota_detail: sql=0 db=0
[2026-03-14 06:37:55]   Loading: bidding_setting (reload)...
[2026-03-14 06:37:55]   OK bidding_setting: sql=0 db=0
[2026-03-14 06:37:55]   Loading: bidding_setting_phase (reload)...
[2026-03-14 06:37:55]   OK bidding_setting_phase: sql=0 db=0
[2026-03-14 06:37:55]   Loading: book_order (reload)...
[2026-03-14 06:37:55]   OK book_order: sql=0 db=0
[2026-03-14 06:37:55]   Loading: book_order_operation_log (reload)...
[2026-03-14 06:37:55]   OK book_order_operation_log: sql=0 db=0
[2026-03-14 06:37:55]   Loading: check_rule_config (reload)...
[2026-03-14 06:37:55]   OK check_rule_config: sql=2 db=2
[2026-03-14 06:37:55]   Loading: checkin_staff (reload)...
[2026-03-14 06:37:55]   OK checkin_staff: sql=0 db=0
[2026-03-14 06:37:55]   Loading: checking_define (reload)...
[2026-03-14 06:37:55]   OK checking_define: sql=2 db=2
[2026-03-14 06:37:55]   Loading: checking_generic_disclaimer (reload)...
[2026-03-14 06:37:55]   OK checking_generic_disclaimer: sql=0 db=0
[2026-03-14 06:37:55]   Loading: checking_location (reload)...
[2026-03-14 06:37:55]   OK checking_location: sql=2 db=2
[2026-03-14 06:37:55]   Loading: chk_in_tm (reload)...
[2026-03-14 06:37:56]   OK chk_in_tm: sql=0 db=0
[2026-03-14 06:37:56]   Loading: commute_builder (reload)...
[2026-03-14 06:37:56]   OK commute_builder: sql=0 db=0
[2026-03-14 06:37:56]   Loading: commute_schedule (reload)...
[2026-03-14 06:37:56]   OK commute_schedule: sql=110 db=110
[2026-03-14 06:37:56]   Loading: company_rank (reload)...
[2026-03-14 06:37:56]   OK company_rank: sql=0 db=0
[2026-03-14 06:37:56]   Loading: company_rank_position (reload)...
[2026-03-14 06:37:56]   OK company_rank_position: sql=0 db=0
[2026-03-14 06:37:56]   Loading: composition_load (reload)...
[2026-03-14 06:37:56]   OK composition_load: sql=43 db=43
[2026-03-14 06:37:56]   Loading: condition_library (reload)...
[2026-03-14 06:37:56]   OK condition_library: sql=0 db=0
[2026-03-14 06:37:56]   Loading: conversion_table (reload)...
[2026-03-14 06:37:56]   OK conversion_table: sql=0 db=0
[2026-03-14 06:37:56]   Loading: country_apis_parameter (reload)...
[2026-03-14 06:37:56]   OK country_apis_parameter: sql=0 db=0
[2026-03-14 06:37:56]   Loading: crew (reload)...
[2026-03-14 06:37:57]   OK crew: sql=8407 db=8407
[2026-03-14 06:37:57]   Loading: crew_announcement_record (reload)...
[2026-03-14 06:37:57]   OK crew_announcement_record: sql=0 db=0
[2026-03-14 06:37:57]   Loading: crew_attendant (reload)...
[2026-03-14 06:37:57]   OK crew_attendant: sql=0 db=0
[2026-03-14 06:37:57]   Loading: crew_base (reload)...
[2026-03-14 06:37:58]   OK crew_base: sql=8501 db=8501
[2026-03-14 06:37:58]   Loading: crew_base_imp (reload)...
[2026-03-14 06:37:58]   OK crew_base_imp: sql=0 db=0
[2026-03-14 06:37:58]   Loading: crew_bidding_allocation (reload)...
[2026-03-14 06:37:58]   OK crew_bidding_allocation: sql=0 db=0
[2026-03-14 06:37:58]   Loading: crew_bidding_approval_result (reload)...
[2026-03-14 06:37:58]   OK crew_bidding_approval_result: sql=0 db=0
[2026-03-14 06:37:58]   Loading: crew_bidding_code_points_log (reload)...
[2026-03-14 06:37:58]   OK crew_bidding_code_points_log: sql=0 db=0
[2026-03-14 06:37:58]   Loading: crew_bidding_entitlements (reload)...
[2026-03-14 06:37:59]   OK crew_bidding_entitlements: sql=0 db=0
[2026-03-14 06:37:59]   Loading: crew_bidding_points (reload)...
[2026-03-14 06:37:59]   OK crew_bidding_points: sql=0 db=0
[2026-03-14 06:37:59]   Loading: crew_bidding_points_log (reload)...
[2026-03-14 06:37:59]   OK crew_bidding_points_log: sql=0 db=0
[2026-03-14 06:37:59]   Loading: crew_certificate (reload)...
[2026-03-14 06:38:00]   OK crew_certificate: sql=8030 db=8030
[2026-03-14 06:38:00]   Loading: crew_company_rank (reload)...
[2026-03-14 06:38:00]   OK crew_company_rank: sql=0 db=0
[2026-03-14 06:38:00]   Loading: crew_days_off_detail (reload)...
[2026-03-14 06:38:00]   OK crew_days_off_detail: sql=0 db=0
[2026-03-14 06:38:00]   Loading: crew_days_off_entitlements (reload)...
[2026-03-14 06:38:00]   OK crew_days_off_entitlements: sql=0 db=0
[2026-03-14 06:38:00]   Loading: crew_days_off_request (reload)...
[2026-03-14 06:38:00]   OK crew_days_off_request: sql=0 db=0
[2026-03-14 06:38:00]   Loading: crew_duty_manday_cc_am (reload)...
[2026-03-14 06:38:00]   OK crew_duty_manday_cc_am: sql=0 db=0
[2026-03-14 06:38:00]   Loading: crew_duty_manday_fd (reload)...
[2026-03-14 06:38:00]   OK crew_duty_manday_fd: sql=0 db=0
[2026-03-14 06:38:00]   Loading: crew_dynamic_seniority (reload)...
[2026-03-14 06:38:00]   OK crew_dynamic_seniority: sql=0 db=0
[2026-03-14 06:38:01]   Loading: crew_entitlement (reload)...
[2026-03-14 06:38:01]   OK crew_entitlement: sql=0 db=0
[2026-03-14 06:38:01]   Loading: crew_fleet_exp (reload)...
[2026-03-14 06:38:01]   OK crew_fleet_exp: sql=0 db=0
[2026-03-14 06:38:01]   Loading: crew_fleet_imp (reload)...
[2026-03-14 06:38:01]   OK crew_fleet_imp: sql=0 db=0
[2026-03-14 06:38:01]   Loading: crew_flight_config_date (reload)...
[2026-03-14 06:38:01]   OK crew_flight_config_date: sql=0 db=0
[2026-03-14 06:38:01]   Loading: crew_flight_config_kpi (reload)...
[2026-03-14 06:38:01]   OK crew_flight_config_kpi: sql=0 db=0
[2026-03-14 06:38:01]   Loading: crew_fly_together (reload)...
[2026-03-14 06:38:01]   OK crew_fly_together: sql=0 db=0
[2026-03-14 06:38:01]   Loading: crew_friend (reload)...
[2026-03-14 06:38:01]   OK crew_friend: sql=0 db=0
[2026-03-14 06:38:01]   Loading: crew_guarantee_hour (reload)...
[2026-03-14 06:38:01]   OK crew_guarantee_hour: sql=0 db=0
[2026-03-14 06:38:01]   Loading: crew_imp (reload)...
[2026-03-14 06:38:01]   OK crew_imp: sql=0 db=0
[2026-03-14 06:38:01]   Loading: crew_kpi_adjust (reload)...
[2026-03-14 06:38:01]   OK crew_kpi_adjust: sql=0 db=0
[2026-03-14 06:38:01]   Loading: crew_language (reload)...
[2026-03-14 06:38:02]   OK crew_language: sql=0 db=0
[2026-03-14 06:38:02]   Loading: crew_lic_instructor (reload)...
[2026-03-14 06:38:02]   OK crew_lic_instructor: sql=0 db=0
[2026-03-14 06:38:02]   Loading: crew_license (reload)...
[2026-03-14 06:38:02]   OK crew_license: sql=0 db=0
[2026-03-14 06:38:04]   ... 5,000,000 lines read in 76s, 96 tables done
[2026-03-14 06:38:04]   Loading: crew_manday_cc_am (reload)...
[2026-03-14 06:39:32]   OK crew_manday_cc_am: sql=1259725 db=1259725
[2026-03-14 06:39:32]   Loading: crew_manday_export (reload)...
[2026-03-14 06:39:33]   OK crew_manday_export: sql=0 db=0
[2026-03-14 06:39:33]   Loading: crew_manday_fd (reload)...
[2026-03-14 06:40:08]   OK crew_manday_fd: sql=371143 db=371143
[2026-03-14 06:40:08]   Loading: crew_manday_import_state (reload)...
[2026-03-14 06:40:08]   OK crew_manday_import_state: sql=0 db=0
[2026-03-14 06:40:08]   Loading: crew_memo (reload)...
[2026-03-14 06:40:09]   OK crew_memo: sql=2258 db=2258
[2026-03-14 06:40:09]   Loading: crew_message_send_record (reload)...
[2026-03-14 06:40:09]   OK crew_message_send_record: sql=8 db=8
[2026-03-14 06:40:09]   Loading: crew_notice_email_send_record (reload)...
[2026-03-14 06:40:09]   OK crew_notice_email_send_record: sql=0 db=0
[2026-03-14 06:40:09]   Loading: crew_notice_management (reload)...
[2026-03-14 06:40:09]   OK crew_notice_management: sql=0 db=0
[2026-03-14 06:40:09]   Loading: crew_notice_management_log (reload)...
[2026-03-14 06:40:09]   OK crew_notice_management_log: sql=0 db=0
[2026-03-14 06:40:09]   Loading: crew_notice_send_config (reload)...
[2026-03-14 06:40:09]   OK crew_notice_send_config: sql=0 db=0
[2026-03-14 06:40:09]   Loading: crew_notice_send_record (reload)...
[2026-03-14 06:40:09]   OK crew_notice_send_record: sql=0 db=0
[2026-03-14 06:40:12]   Loading: crew_notification (reload)...
[2026-03-14 06:41:50]   OK crew_notification: sql=1727360 db=1727360
[2026-03-14 06:42:08]   Loading: crew_pay_details (reload)...
[2026-03-14 06:42:08]   OK crew_pay_details: sql=0 db=0
[2026-03-14 06:42:08]   Loading: crew_preference (reload)...
[2026-03-14 06:42:08]   OK crew_preference: sql=0 db=0
[2026-03-14 06:42:08]   Loading: crew_profile (reload)...
[2026-03-14 06:42:09]   OK crew_profile: sql=10594 db=10594
[2026-03-14 06:42:09]   Loading: crew_qualification (reload)...
[2026-03-14 06:42:22]   OK crew_qualification: sql=180751 db=180751
[2026-03-14 06:42:22]   Loading: crew_qualification_imp (reload)...
[2026-03-14 06:42:25]   OK crew_qualification_imp: sql=171655 db=171655
[2026-03-14 06:42:25]   Loading: crew_rank_imp (reload)...
[2026-03-14 06:42:25]   OK crew_rank_imp: sql=0 db=0
[2026-03-14 06:42:25]   Loading: crew_rank_search (reload)...
[2026-03-14 06:42:25]   OK crew_rank_search: sql=0 db=0
[2026-03-14 06:42:25]   Loading: crew_recurrent (reload)...
[2026-03-14 06:42:25]   OK crew_recurrent: sql=0 db=0
[2026-03-14 06:42:25]   Loading: crew_request (reload)...
[2026-03-14 06:42:25]   OK crew_request: sql=0 db=0
[2026-03-14 06:42:25]   Loading: crew_request_detail (reload)...
[2026-03-14 06:42:25]   OK crew_request_detail: sql=0 db=0
[2026-03-14 06:42:25]   Loading: crew_request_entitlements (reload)...
[2026-03-14 06:42:25]   OK crew_request_entitlements: sql=0 db=0
[2026-03-14 06:42:25]   Loading: crew_request_record (reload)...
[2026-03-14 06:42:26]   OK crew_request_record: sql=8680 db=8680
[2026-03-14 06:42:26]   Loading: crew_request_record_detail (reload)...
[2026-03-14 06:42:26]   OK crew_request_record_detail: sql=8680 db=8680
[2026-03-14 06:42:27]   Loading: crew_seniority (reload)...
[2026-03-14 06:42:27]   OK crew_seniority: sql=0 db=0
[2026-03-14 06:42:27]   Loading: crew_suspension (reload)...
[2026-03-14 06:42:27]   OK crew_suspension: sql=0 db=0
[2026-03-14 06:42:27]   Loading: crew_team (reload)...
[2026-03-14 06:42:28]   OK crew_team: sql=26437 db=26437
[2026-03-14 06:42:28]   Loading: crew_team_imp (reload)...
[2026-03-14 06:42:28]   OK crew_team_imp: sql=0 db=0
[2026-03-14 06:42:28]   Loading: crew_training (reload)...
[2026-03-14 06:42:28]   OK crew_training: sql=0 db=0
[2026-03-14 06:42:28]   Loading: crewse-rank-position (reload)...
[2026-03-14 06:42:28]   OK crewse-rank-position: sql=0 db=0
[2026-03-14 06:42:28]   Loading: cta_send_info_ignore (reload)...
[2026-03-14 06:42:28]   OK cta_send_info_ignore: sql=0 db=0
[2026-03-14 06:42:28]   Loading: date_holder (reload)...
[2026-03-14 06:42:28]   OK date_holder: sql=0 db=0
[2026-03-14 06:42:28]   Loading: daylight_saving (reload)...
[2026-03-14 06:42:28]   OK daylight_saving: sql=0 db=0
[2026-03-14 06:42:28]   Loading: delete_operation_ver (reload)...
[2026-03-14 06:42:29]   OK delete_operation_ver: sql=0 db=0
[2026-03-14 06:42:29]   Loading: deleted (reload)...
[2026-03-14 06:42:29]   OK deleted: sql=0 db=0
[2026-03-14 06:42:29]   Loading: device (reload)...
[2026-03-14 06:42:29]   OK device: sql=0 db=0
[2026-03-14 06:42:29]   Loading: device_disabled (reload)...
[2026-03-14 06:42:29]   OK device_disabled: sql=0 db=0
[2026-03-14 06:42:29]   Loading: duty_code_logic (reload)...
[2026-03-14 06:42:29]   OK duty_code_logic: sql=0 db=0
[2026-03-14 06:42:29]   Loading: duty_code_type_comp (reload)...
[2026-03-14 06:42:29]   OK duty_code_type_comp: sql=0 db=0
[2026-03-14 06:42:29]   Loading: email_sending_config (reload)...
[2026-03-14 06:42:29]   OK email_sending_config: sql=0 db=0
[2026-03-14 06:42:29]   Loading: email_sending_record (reload)...
[2026-03-14 06:42:29]   OK email_sending_record: sql=0 db=0
[2026-03-14 06:42:29]   Loading: encrypt_setting (reload)...
[2026-03-14 06:42:29]   OK encrypt_setting: sql=0 db=0
[2026-03-14 06:42:29]   Loading: entitlements_assign_plan (reload)...
[2026-03-14 06:42:29]   OK entitlements_assign_plan: sql=0 db=0
[2026-03-14 06:42:29]   Loading: entitlements_grant_record (reload)...
[2026-03-14 06:42:29]   OK entitlements_grant_record: sql=0 db=0
[2026-03-14 06:42:29]   Loading: exit_and_entry_inventory (reload)...
[2026-03-14 06:42:29]   OK exit_and_entry_inventory: sql=0 db=0
[2026-03-14 06:42:29]   Loading: export_result (reload)...
[2026-03-14 06:42:29]   OK export_result: sql=0 db=0
[2026-03-14 06:42:29]   Loading: external_link (reload)...
[2026-03-14 06:42:29]   OK external_link: sql=0 db=0
[2026-03-14 06:42:29]   Loading: fairness_qual (reload)...
[2026-03-14 06:42:30]   OK fairness_qual: sql=0 db=0
[2026-03-14 06:42:30]   Loading: fairness_report_frame (reload)...
[2026-03-14 06:42:30]   OK fairness_report_frame: sql=0 db=0
[2026-03-14 06:42:30]   Loading: fairness_target (reload)...
[2026-03-14 06:42:30]   OK fairness_target: sql=0 db=0
[2026-03-14 06:42:30]   Loading: fairness_target_day (reload)...
[2026-03-14 06:42:30]   OK fairness_target_day: sql=0 db=0
[2026-03-14 06:42:30]   Loading: fairness_target_month (reload)...
[2026-03-14 06:42:30]   OK fairness_target_month: sql=0 db=0
[2026-03-14 06:42:30]   Loading: fairness_target_qual (reload)...
[2026-03-14 06:42:30]   OK fairness_target_qual: sql=0 db=0
[2026-03-14 06:42:30]   Loading: fairness_west_south (reload)...
[2026-03-14 06:42:30]   OK fairness_west_south: sql=0 db=0
[2026-03-14 06:42:30]   Loading: fatigue_result (reload)...
[2026-03-14 06:42:31]   OK fatigue_result: sql=27491 db=27491
[2026-03-14 06:42:31]   Loading: fatigue_tmp (reload)...
[2026-03-14 06:42:31]   OK fatigue_tmp: sql=0 db=0
[2026-03-14 06:42:34]   ... 10,000,000 lines read in 346s, 153 tables done
[2026-03-14 06:42:38]   Loading: file_info (reload)...
